<?xml version="1.0" encoding="UTF-8"?>
<testsuite xmlns:xsi="http://www.w3.org/2001/XMLSchema-instance" xsi:noNamespaceSchemaLocation="https://maven.apache.org/surefire/maven-surefire-plugin/xsd/surefire-test-report-3.0.xsd" version="3.0" name="com.urosdragojevic.realbookstore.RealBookStoreApplicationTests" time="5.567" tests="1" errors="0" skipped="0" failures="0">
  <properties>
[...]
</properties>
  <testcase name="contextLoads" classname="com.urosdragojevic.realbookstore.RealBookStoreApplicationTests" time="1.157">
    <system-out><![CDATA[08:39:55.800 [main] INFO org.springframework.test.context.support.AnnotationConfigContextLoaderUtils -- Could not detect default configuration classes for test class [com.urosdragojevic.realbookstore.RealBookStoreApplicationTests]: RealBookStoreApplicationTests does not declare any static, non-private, non-final, nested classes annotated with @Configuration.
08:39:55.941 [main] INFO org.springframework.boot.test.context.SpringBootTestContextBootstrapper -- Found @SpringBootConfiguration com.urosdragojevic.realbookstore.RealBookStoreApplication for test class com.urosdragojevic.realbookstore.RealBookStoreApplicationTests
08:39:56.149 [main] INFO org.springframework.boot.devtools.restart.RestartApplicationListener -- Restart disabled due to context in which it is running

  .   ____          _            __ _ _
 /\\ / ___'_ __ _ _(_)_ __  __ _ \ \ \ \
( ( )\___ | '_ | '_| | '_ \/ _` | \ \ \ \
 \\/  ___)| |_)| | | | | || (_| |  ) ) ) )
  '  |____| .__|_| |_|_| |_\__, | / / / /
 =========|_|==============|___/=/_/_/_/
 :: Spring Boot ::                (v3.2.0)

2025-09-14T08:39:56.517+02:00  INFO 22572 --- [           main] c.u.r.RealBookStoreApplicationTests      : Starting RealBookStoreApplicationTests using Java 21.0.7 with PID 22572 (started by Aleksandar in C:\Users\geass\OneDrive\Radna površina\RBS\RealBookStore)
2025-09-14T08:39:56.519+02:00  INFO 22572 --- [           main] c.u.r.RealBookStoreApplicationTests      : No active profile set, falling back to 1 default profile: "default"
2025-09-14T08:39:59.058+02:00  INFO 22572 --- [           main] o.s.s.web.DefaultSecurityFilterChain     : Will secure any request with [org.springframework.security.web.session.DisableEncodeUrlFilter@4270b142, org.springframework.security.web.context.request.async.WebAsyncManagerIntegrationFilter@2dfa02c1, org.springframework.security.web.context.SecurityContextHolderFilter@1cd6b1bd, org.springframework.security.web.header.HeaderWriterFilter@7ca492d9, org.springframework.web.filter.CorsFilter@6314df3c, org.springframework.security.web.authentication.logout.LogoutFilter@790d8fdd, org.springframework.security.web.authentication.UsernamePasswordAuthenticationFilter@6870cfac, org.springframework.security.web.savedrequest.RequestCacheAwareFilter@3b41e1bf, org.springframework.security.web.servletapi.SecurityContextHolderAwareRequestFilter@619c93ca, org.springframework.security.web.authentication.AnonymousAuthenticationFilter@5785e813, org.springframework.security.web.access.ExceptionTranslationFilter@fb5aeed, org.springframework.security.web.access.intercept.AuthorizationFilter@64656b9e]
2025-09-14T08:39:59.597+02:00  INFO 22572 --- [           main] com.zaxxer.hikari.HikariDataSource       : HikariPool-1 - Starting...
2025-09-14T08:39:59.818+02:00  INFO 22572 --- [           main] com.zaxxer.hikari.pool.HikariPool        : HikariPool-1 - Added connection conn0: url=jdbc:h2:mem:testdb user=SA
2025-09-14T08:39:59.820+02:00  INFO 22572 --- [           main] com.zaxxer.hikari.HikariDataSource       : HikariPool-1 - Start completed.
2025-09-14T08:39:59.957+02:00  INFO 22572 --- [           main] c.u.r.RealBookStoreApplicationTests      : Started RealBookStoreApplicationTests in 3.837 seconds (process running for 5.036)
]]></system-out>
    <system-err><![CDATA[WARNING: A Java agent has been loaded dynamically (C:\Users\geass\.m2\repository\net\bytebuddy\byte-buddy-agent\1.14.10\byte-buddy-agent-1.14.10.jar)
WARNING: If a serviceability tool is in use, please run with -XX:+EnableDynamicAgentLoading to hide this warning
WARNING: If a serviceability tool is not in use, please run with -Djdk.instrument.traceUsage for more information
WARNING: Dynamic loading of agents will be disallowed by default in a future release
]]></system-err>
  </testcase>
</testsuite>